2019-03-04 11:29:45.372825: I tensorflow/core/platform/cpu_feature_guard.cc:137] Your CPU supports instructions that this TensorFlow binary was not compiled to use: SSE4.1 SSE4.2 AVX AVX2 FMA
2019-03-04 11:29:45.376226: E tensorflow/stream_executor/cuda/cuda_driver.cc:406] failed call to cuInit: CUresult(-1)
2019-03-04 11:29:45.376273: I tensorflow/stream_executor/cuda/cuda_diagnostics.cc:158] retrieving CUDA diagnostic information for host: gpu01.nitkhpc.local
2019-03-04 11:29:45.376284: I tensorflow/stream_executor/cuda/cuda_diagnostics.cc:165] hostname: gpu01.nitkhpc.local
2019-03-04 11:29:45.376414: I tensorflow/stream_executor/cuda/cuda_diagnostics.cc:189] libcuda reported version is: Not found: was unable to find libcuda.so DSO loaded into this program
2019-03-04 11:29:45.376449: I tensorflow/stream_executor/cuda/cuda_diagnostics.cc:369] driver version file contents: """NVRM version: NVIDIA UNIX x86_64 Kernel Module  375.26  Thu Dec  8 18:36:43 PST 2016
GCC version:  gcc version 4.8.5 20150623 (Red Hat 4.8.5-11) (GCC) 
"""
2019-03-04 11:29:45.376481: I tensorflow/stream_executor/cuda/cuda_diagnostics.cc:193] kernel reported version is: 375.26.0
_________________________________________________________________
Layer (type)                 Output Shape              Param #   
=================================================================
input_1 (InputLayer)         (None, 256, 256, 1)       0         
_________________________________________________________________
conv2d_1 (Conv2D)            (None, 256, 256, 64)      640       
_________________________________________________________________
conv2d_2 (Conv2D)            (None, 128, 128, 64)      36928     
_________________________________________________________________
conv2d_3 (Conv2D)            (None, 128, 128, 128)     73856     
_________________________________________________________________
conv2d_4 (Conv2D)            (None, 64, 64, 128)       147584    
_________________________________________________________________
conv2d_5 (Conv2D)            (None, 64, 64, 256)       295168    
_________________________________________________________________
conv2d_6 (Conv2D)            (None, 32, 32, 256)       590080    
_________________________________________________________________
conv2d_7 (Conv2D)            (None, 32, 32, 512)       1180160   
_________________________________________________________________
conv2d_8 (Conv2D)            (None, 32, 32, 256)       1179904   
_________________________________________________________________
conv2d_9 (Conv2D)            (None, 32, 32, 128)       295040    
_________________________________________________________________
up_sampling2d_1 (UpSampling2 (None, 64, 64, 128)       0         
_________________________________________________________________
conv2d_10 (Conv2D)           (None, 64, 64, 64)        73792     
_________________________________________________________________
up_sampling2d_2 (UpSampling2 (None, 128, 128, 64)      0         
_________________________________________________________________
conv2d_11 (Conv2D)           (None, 128, 128, 32)      18464     
_________________________________________________________________
conv2d_12 (Conv2D)           (None, 128, 128, 2)       578       
_________________________________________________________________
up_sampling2d_3 (UpSampling2 (None, 256, 256, 2)       0         
=================================================================
Total params: 3,892,194
Trainable params: 3,892,194
Non-trainable params: 0
_________________________________________________________________
Epoch 1/1

 1/71 [..............................] - ETA: 1:01:05 - loss: 0.0751
 2/71 [..............................] - ETA: 1:04:13 - loss: 0.0574
 3/71 [>.............................] - ETA: 57:13 - loss: 0.0435  
 4/71 [>.............................] - ETA: 52:02 - loss: 0.0353
 5/71 [=>............................] - ETA: 48:37 - loss: 0.0305
 6/71 [=>............................] - ETA: 46:07 - loss: 0.0274
 7/71 [=>............................] - ETA: 46:46 - loss: 0.0252
 8/71 [==>...........................] - ETA: 47:32 - loss: 0.0234
 9/71 [==>...........................] - ETA: 48:17 - loss: 0.0221
10/71 [===>..........................] - ETA: 50:05 - loss: 0.0211
11/71 [===>..........................] - ETA: 51:22 - loss: 0.0200
12/71 [====>.........................] - ETA: 49:30 - loss: 0.0192
13/71 [====>.........................] - ETA: 47:34 - loss: 0.0186
14/71 [====>.........................] - ETA: 45:48 - loss: 0.0179
15/71 [=====>........................] - ETA: 44:11 - loss: 0.0176
16/71 [=====>........................] - ETA: 42:42 - loss: 0.0172
17/71 [======>.......................] - ETA: 41:20 - loss: 0.0170
18/71 [======>.......................] - ETA: 40:01 - loss: 0.0166
19/71 [=======>......................] - ETA: 38:46 - loss: 0.0163
20/71 [=======>......................] - ETA: 37:35 - loss: 0.0160
21/71 [=======>......................] - ETA: 36:29 - loss: 0.0159
22/71 [========>.....................] - ETA: 35:25 - loss: 0.0156
23/71 [========>.....................] - ETA: 34:24 - loss: 0.0154
24/71 [=========>....................] - ETA: 33:26 - loss: 0.0152
25/71 [=========>....................] - ETA: 32:28 - loss: 0.0150
26/71 [=========>....................] - ETA: 31:33 - loss: 0.0149
27/71 [==========>...................] - ETA: 30:40 - loss: 0.0148
28/71 [==========>...................] - ETA: 29:48 - loss: 0.0147
29/71 [===========>..................] - ETA: 28:57 - loss: 0.0146
30/71 [===========>..................] - ETA: 28:06 - loss: 0.0144
31/71 [============>.................] - ETA: 27:17 - loss: 0.0143
32/71 [============>.................] - ETA: 26:28 - loss: 0.0141
33/71 [============>.................] - ETA: 25:42 - loss: 0.0140
34/71 [=============>................] - ETA: 24:55 - loss: 0.0139
35/71 [=============>................] - ETA: 24:09 - loss: 0.0138
36/71 [==============>...............] - ETA: 23:24 - loss: 0.0137
37/71 [==============>...............] - ETA: 22:39 - loss: 0.0137
38/71 [===============>..............] - ETA: 21:55 - loss: 0.0136
39/71 [===============>..............] - ETA: 21:11 - loss: 0.0136
40/71 [===============>..............] - ETA: 20:27 - loss: 0.0135
41/71 [================>.............] - ETA: 19:45 - loss: 0.0135
42/71 [================>.............] - ETA: 19:03 - loss: 0.0134
43/71 [=================>............] - ETA: 18:21 - loss: 0.0133
44/71 [=================>............] - ETA: 17:39 - loss: 0.0132
45/71 [==================>...........] - ETA: 16:57 - loss: 0.0132
46/71 [==================>...........] - ETA: 16:16 - loss: 0.0132
47/71 [==================>...........] - ETA: 15:35 - loss: 0.0131
48/71 [===================>..........] - ETA: 14:55 - loss: 0.0130
49/71 [===================>..........] - ETA: 14:14 - loss: 0.0130
50/71 [====================>.........] - ETA: 13:34 - loss: 0.0129
51/71 [====================>.........] - ETA: 12:54 - loss: 0.0129
52/71 [====================>.........] - ETA: 12:14 - loss: 0.0128
53/71 [=====================>........] - ETA: 11:34 - loss: 0.0128
54/71 [=====================>........] - ETA: 10:55 - loss: 0.0127
55/71 [======================>.......] - ETA: 10:15 - loss: 0.0127
56/71 [======================>.......] - ETA: 9:35 - loss: 0.0126 
57/71 [=======================>......] - ETA: 8:56 - loss: 0.0126
58/71 [=======================>......] - ETA: 8:17 - loss: 0.0126
59/71 [=======================>......] - ETA: 7:38 - loss: 0.0126
60/71 [========================>.....] - ETA: 6:59 - loss: 0.0126
61/71 [========================>.....] - ETA: 6:21 - loss: 0.0126
62/71 [=========================>....] - ETA: 5:42 - loss: 0.0125
63/71 [=========================>....] - ETA: 5:04 - loss: 0.0124
64/71 [==========================>...] - ETA: 4:25 - loss: 0.0124
65/71 [==========================>...] - ETA: 3:47 - loss: 0.0124
66/71 [==========================>...] - ETA: 3:09 - loss: 0.0123
67/71 [===========================>..] - ETA: 2:31 - loss: 0.0123
68/71 [===========================>..] - ETA: 1:53 - loss: 0.0122
69/71 [============================>.] - ETA: 1:15 - loss: 0.0122
70/71 [============================>.] - ETA: 37s - loss: 0.0122 
71/71 [==============================] - 2662s 37s/step - loss: 0.0121

128/465 [=======>......................] - ETA: 13s
256/465 [===============>..............] - ETA: 8s 
384/465 [=======================>......] - ETA: 3s
465/465 [==============================] - 19s 41ms/step
/opt/ohpc/pub/anaconda3/5.0.1/lib/python3.6/site-packages/h5py/__init__.py:34: FutureWarning: Conversion of the second argument of issubdtype from `float` to `np.floating` is deprecated. In future, it will be treated as `np.float64 == np.dtype(float).type`.
  from ._conv import register_converters as _register_converters
Using TensorFlow backend.
/opt/ohpc/pub/anaconda3/5.0.1/lib/python3.6/importlib/_bootstrap.py:219: RuntimeWarning: compiletime version 3.5 of module 'tensorflow.python.framework.fast_tensor_util' does not match runtime version 3.6
  return f(*args, **kwds)
/opt/ohpc/pub/anaconda3/5.0.1/lib/python3.6/site-packages/skimage/util/dtype.py:122: UserWarning: Possible precision loss when converting from float64 to uint8
  .format(dtypeobj_in, dtypeobj_out))
0.011356581977858979
